2025-02-26 01:51:51,453 - Portfolio Performance Metrics:
2025-02-26 01:51:51,453 - Annualized Return: 16.69%
2025-02-26 01:51:51,453 - Annualized Volatility: 18.85%
2025-02-26 01:51:51,453 - Sharpe Ratio: 0.78
2025-02-26 01:51:51,453 - Max Drawdown: -43.10%
2025-02-26 01:51:51,453 - 
S&P 500 Performance Metrics:
2025-02-26 01:51:51,453 - Annualized Return: 10.16%
2025-02-26 01:51:51,453 - Annualized Volatility: 19.34%
2025-02-26 01:51:51,453 - Sharpe Ratio: 0.42
2025-02-26 01:51:51,453 - Max Drawdown: -55.19%
2025-02-26 02:11:47,798 - Portfolio Performance Metrics:
2025-02-26 02:11:47,798 - Annualized Return: 16.69%
2025-02-26 02:11:47,798 - Annualized Volatility: 18.85%
2025-02-26 02:11:47,799 - Sharpe Ratio: 0.78
2025-02-26 02:11:47,799 - Max Drawdown: -43.10%
2025-02-26 02:11:47,799 - 
S&P 500 Performance Metrics:
2025-02-26 02:11:47,799 - Annualized Return: 10.16%
2025-02-26 02:11:47,799 - Annualized Volatility: 19.34%
2025-02-26 02:11:47,799 - Sharpe Ratio: 0.42
2025-02-26 02:11:47,799 - Max Drawdown: -55.19%
